<?xml version="1.0" encoding="UTF-8"?>
<!-- Generated by org.testng.reporters.JUnitReportReporter -->
<testsuite hostname="Vishnu" name="in.v2solutions.hybrid.tests.TestRunner" tests="1" failures="0" timestamp="16 Oct 2022 17:24:41 GMT" time="5.202" errors="0">
  <testcase name="initilizeBrowser" time="5.202" classname="in.v2solutions.hybrid.tests.TestRunner"/>
</testsuite> <!-- in.v2solutions.hybrid.tests.TestRunner -->
