<?xml version="1.0" encoding="UTF-8"?>
<!-- Generated by org.testng.reporters.JUnitReportReporter -->
<testsuite hostname="Vishnu" name="in.v2solutions.hybrid.tests.TestRunner" tests="1" failures="0" timestamp="17 Oct 2022 12:55:06 GMT" time="8.903" errors="0">
  <testcase name="initilizeBrowser" time="8.903" classname="in.v2solutions.hybrid.tests.TestRunner"/>
</testsuite> <!-- in.v2solutions.hybrid.tests.TestRunner -->
