<?xml version="1.0" encoding="UTF-8"?>
<!-- Generated by org.testng.reporters.JUnitReportReporter -->
<testsuite hostname="v2usamaclp0011.local" failures="0" tests="1" name="in.v2solutions.hybrid.tests.TestRunner" time="0.425" errors="0" timestamp="17 Oct 2022 16:19:37 GMT" skipped="0">
  <testcase classname="in.v2solutions.hybrid.tests.TestRunner" name="initilizeBrowser" time="0.425"/>
</testsuite> <!-- in.v2solutions.hybrid.tests.TestRunner -->
